[2017-11-27 22:36:05] local.ERROR: InvalidArgumentException: Please provide a valid cache path. in /opt/lampp/htdocs/sistema/vendor/laravel/framework/src/Illuminate/View/Compilers/Compiler.php:36
Stack trace:
#0 /opt/lampp/htdocs/sistema/vendor/laravel/framework/src/Illuminate/View/ViewServiceProvider.php(77): Illuminate\View\Compilers\Compiler->__construct(Object(Illuminate\Filesystem\Filesystem), false)
#1 /opt/lampp/htdocs/sistema/vendor/laravel/framework/src/Illuminate/Container/Container.php(738): Illuminate\View\ViewServiceProvider->Illuminate\View\{closure}(Object(Illuminate\Foundation\Application), Array)
#2 /opt/lampp/htdocs/sistema/vendor/laravel/framework/src/Illuminate/Container/Container.php(631): Illuminate\Container\Container->build(Object(Closure), Array)
#3 /opt/lampp/htdocs/sistema/vendor/laravel/framework/src/Illuminate/Foundation/Application.php(674): Illuminate\Container\Container->make('blade.compiler', Array)
#4 /opt/lampp/htdocs/sistema/vendor/laravel/framework/src/Illuminate/Container/Container.php(1167): Illuminate\Foundation\Application->make('blade.compiler')
#5 /opt/lampp/htdocs/sistema/vendor/laravel/framework/src/Illuminate/View/ViewServiceProvider.php(81): Illuminate\Container\Container->offsetGet('blade.compiler')
#6 [internal function]: Illuminate\View\ViewServiceProvider->Illuminate\View\{closure}()
#7 /opt/lampp/htdocs/sistema/vendor/laravel/framework/src/Illuminate/View/Engines/EngineResolver.php(54): call_user_func(Object(Closure))
#8 /opt/lampp/htdocs/sistema/vendor/bican/roles/src/Bican/Roles/RolesServiceProvider.php(44): Illuminate\View\Engines\EngineResolver->resolve('blade')
#9 /opt/lampp/htdocs/sistema/vendor/bican/roles/src/Bican/Roles/RolesServiceProvider.php(24): Bican\Roles\RolesServiceProvider->registerBladeExtensions()
#10 [internal function]: Bican\Roles\RolesServiceProvider->boot()
#11 /opt/lampp/htdocs/sistema/vendor/laravel/framework/src/Illuminate/Container/Container.php(507): call_user_func_array(Array, Array)
#12 /opt/lampp/htdocs/sistema/vendor/laravel/framework/src/Illuminate/Foundation/Application.php(734): Illuminate\Container\Container->call(Array)
#13 /opt/lampp/htdocs/sistema/vendor/laravel/framework/src/Illuminate/Foundation/Application.php(717): Illuminate\Foundation\Application->bootProvider(Object(Bican\Roles\RolesServiceProvider))
#14 [internal function]: Illuminate\Foundation\Application->Illuminate\Foundation\{closure}(Object(Bican\Roles\RolesServiceProvider), 18)
#15 /opt/lampp/htdocs/sistema/vendor/laravel/framework/src/Illuminate/Foundation/Application.php(718): array_walk(Array, Object(Closure))
#16 /opt/lampp/htdocs/sistema/vendor/laravel/framework/src/Illuminate/Foundation/Bootstrap/BootProviders.php(17): Illuminate\Foundation\Application->boot()
#17 /opt/lampp/htdocs/sistema/vendor/laravel/framework/src/Illuminate/Foundation/Application.php(203): Illuminate\Foundation\Bootstrap\BootProviders->bootstrap(Object(Illuminate\Foundation\Application))
#18 /opt/lampp/htdocs/sistema/vendor/laravel/framework/src/Illuminate/Foundation/Http/Kernel.php(222): Illuminate\Foundation\Application->bootstrapWith(Array)
#19 /opt/lampp/htdocs/sistema/vendor/laravel/framework/src/Illuminate/Foundation/Http/Kernel.php(117): Illuminate\Foundation\Http\Kernel->bootstrap()
#20 /opt/lampp/htdocs/sistema/vendor/laravel/framework/src/Illuminate/Foundation/Http/Kernel.php(87): Illuminate\Foundation\Http\Kernel->sendRequestThroughRouter(Object(Illuminate\Http\Request))
#21 /opt/lampp/htdocs/sistema/public/index.php(53): Illuminate\Foundation\Http\Kernel->handle(Object(Illuminate\Http\Request))
#22 {main}  
[2017-11-27 22:36:05] local.ERROR: RuntimeException: No supported encrypter found. The cipher and / or key length are invalid. in /opt/lampp/htdocs/sistema/vendor/laravel/framework/src/Illuminate/Encryption/EncryptionServiceProvider.php:29
Stack trace:
#0 /opt/lampp/htdocs/sistema/vendor/laravel/framework/src/Illuminate/Container/Container.php(738): Illuminate\Encryption\EncryptionServiceProvider->Illuminate\Encryption\{closure}(Object(Illuminate\Foundation\Application), Array)
#1 /opt/lampp/htdocs/sistema/vendor/laravel/framework/src/Illuminate/Container/Container.php(631): Illuminate\Container\Container->build(Object(Closure), Array)
#2 /opt/lampp/htdocs/sistema/vendor/laravel/framework/src/Illuminate/Foundation/Application.php(674): Illuminate\Container\Container->make('encrypter', Array)
#3 /opt/lampp/htdocs/sistema/vendor/laravel/framework/src/Illuminate/Container/Container.php(842): Illuminate\Foundation\Application->make('encrypter')
#4 /opt/lampp/htdocs/sistema/vendor/laravel/framework/src/Illuminate/Container/Container.php(805): Illuminate\Container\Container->resolveClass(Object(ReflectionParameter))
#5 /opt/lampp/htdocs/sistema/vendor/laravel/framework/src/Illuminate/Container/Container.php(775): Illuminate\Container\Container->getDependencies(Array, Array)
#6 /opt/lampp/htdocs/sistema/vendor/laravel/framework/src/Illuminate/Container/Container.php(631): Illuminate\Container\Container->build('App\\Http\\Middle...', Array)
#7 /opt/lampp/htdocs/sistema/vendor/laravel/framework/src/Illuminate/Foundation/Application.php(674): Illuminate\Container\Container->make('App\\Http\\Middle...', Array)
#8 /opt/lampp/htdocs/sistema/vendor/laravel/framework/src/Illuminate/Foundation/Http/Kernel.php(142): Illuminate\Foundation\Application->make('App\\Http\\Middle...')
#9 /opt/lampp/htdocs/sistema/public/index.php(58): Illuminate\Foundation\Http\Kernel->terminate(Object(Illuminate\Http\Request), Object(Illuminate\Http\Response))
#10 {main}  
[2017-11-27 23:01:40] local.ERROR: InvalidArgumentException: Please provide a valid cache path. in /opt/lampp/htdocs/sistema/vendor/laravel/framework/src/Illuminate/View/Compilers/Compiler.php:36
Stack trace:
#0 /opt/lampp/htdocs/sistema/vendor/laravel/framework/src/Illuminate/View/ViewServiceProvider.php(77): Illuminate\View\Compilers\Compiler->__construct(Object(Illuminate\Filesystem\Filesystem), false)
#1 /opt/lampp/htdocs/sistema/vendor/laravel/framework/src/Illuminate/Container/Container.php(738): Illuminate\View\ViewServiceProvider->Illuminate\View\{closure}(Object(Illuminate\Foundation\Application), Array)
#2 /opt/lampp/htdocs/sistema/vendor/laravel/framework/src/Illuminate/Container/Container.php(631): Illuminate\Container\Container->build(Object(Closure), Array)
#3 /opt/lampp/htdocs/sistema/vendor/laravel/framework/src/Illuminate/Foundation/Application.php(674): Illuminate\Container\Container->make('blade.compiler', Array)
#4 /opt/lampp/htdocs/sistema/vendor/laravel/framework/src/Illuminate/Container/Container.php(1167): Illuminate\Foundation\Application->make('blade.compiler')
#5 /opt/lampp/htdocs/sistema/vendor/laravel/framework/src/Illuminate/View/ViewServiceProvider.php(81): Illuminate\Container\Container->offsetGet('blade.compiler')
#6 [internal function]: Illuminate\View\ViewServiceProvider->Illuminate\View\{closure}()
#7 /opt/lampp/htdocs/sistema/vendor/laravel/framework/src/Illuminate/View/Engines/EngineResolver.php(54): call_user_func(Object(Closure))
#8 /opt/lampp/htdocs/sistema/vendor/bican/roles/src/Bican/Roles/RolesServiceProvider.php(44): Illuminate\View\Engines\EngineResolver->resolve('blade')
#9 /opt/lampp/htdocs/sistema/vendor/bican/roles/src/Bican/Roles/RolesServiceProvider.php(24): Bican\Roles\RolesServiceProvider->registerBladeExtensions()
#10 [internal function]: Bican\Roles\RolesServiceProvider->boot()
#11 /opt/lampp/htdocs/sistema/vendor/laravel/framework/src/Illuminate/Container/Container.php(507): call_user_func_array(Array, Array)
#12 /opt/lampp/htdocs/sistema/vendor/laravel/framework/src/Illuminate/Foundation/Application.php(734): Illuminate\Container\Container->call(Array)
#13 /opt/lampp/htdocs/sistema/vendor/laravel/framework/src/Illuminate/Foundation/Application.php(717): Illuminate\Foundation\Application->bootProvider(Object(Bican\Roles\RolesServiceProvider))
#14 [internal function]: Illuminate\Foundation\Application->Illuminate\Foundation\{closure}(Object(Bican\Roles\RolesServiceProvider), 18)
#15 /opt/lampp/htdocs/sistema/vendor/laravel/framework/src/Illuminate/Foundation/Application.php(718): array_walk(Array, Object(Closure))
#16 /opt/lampp/htdocs/sistema/vendor/laravel/framework/src/Illuminate/Foundation/Bootstrap/BootProviders.php(17): Illuminate\Foundation\Application->boot()
#17 /opt/lampp/htdocs/sistema/vendor/laravel/framework/src/Illuminate/Foundation/Application.php(203): Illuminate\Foundation\Bootstrap\BootProviders->bootstrap(Object(Illuminate\Foundation\Application))
#18 /opt/lampp/htdocs/sistema/vendor/laravel/framework/src/Illuminate/Foundation/Http/Kernel.php(222): Illuminate\Foundation\Application->bootstrapWith(Array)
#19 /opt/lampp/htdocs/sistema/vendor/laravel/framework/src/Illuminate/Foundation/Http/Kernel.php(117): Illuminate\Foundation\Http\Kernel->bootstrap()
#20 /opt/lampp/htdocs/sistema/vendor/laravel/framework/src/Illuminate/Foundation/Http/Kernel.php(87): Illuminate\Foundation\Http\Kernel->sendRequestThroughRouter(Object(Illuminate\Http\Request))
#21 /opt/lampp/htdocs/sistema/public/index.php(53): Illuminate\Foundation\Http\Kernel->handle(Object(Illuminate\Http\Request))
#22 {main}  
[2017-11-27 23:01:41] local.ERROR: RuntimeException: No supported encrypter found. The cipher and / or key length are invalid. in /opt/lampp/htdocs/sistema/vendor/laravel/framework/src/Illuminate/Encryption/EncryptionServiceProvider.php:29
Stack trace:
#0 /opt/lampp/htdocs/sistema/vendor/laravel/framework/src/Illuminate/Container/Container.php(738): Illuminate\Encryption\EncryptionServiceProvider->Illuminate\Encryption\{closure}(Object(Illuminate\Foundation\Application), Array)
#1 /opt/lampp/htdocs/sistema/vendor/laravel/framework/src/Illuminate/Container/Container.php(631): Illuminate\Container\Container->build(Object(Closure), Array)
#2 /opt/lampp/htdocs/sistema/vendor/laravel/framework/src/Illuminate/Foundation/Application.php(674): Illuminate\Container\Container->make('encrypter', Array)
#3 /opt/lampp/htdocs/sistema/vendor/laravel/framework/src/Illuminate/Container/Container.php(842): Illuminate\Foundation\Application->make('encrypter')
#4 /opt/lampp/htdocs/sistema/vendor/laravel/framework/src/Illuminate/Container/Container.php(805): Illuminate\Container\Container->resolveClass(Object(ReflectionParameter))
#5 /opt/lampp/htdocs/sistema/vendor/laravel/framework/src/Illuminate/Container/Container.php(775): Illuminate\Container\Container->getDependencies(Array, Array)
#6 /opt/lampp/htdocs/sistema/vendor/laravel/framework/src/Illuminate/Container/Container.php(631): Illuminate\Container\Container->build('App\\Http\\Middle...', Array)
#7 /opt/lampp/htdocs/sistema/vendor/laravel/framework/src/Illuminate/Foundation/Application.php(674): Illuminate\Container\Container->make('App\\Http\\Middle...', Array)
#8 /opt/lampp/htdocs/sistema/vendor/laravel/framework/src/Illuminate/Foundation/Http/Kernel.php(142): Illuminate\Foundation\Application->make('App\\Http\\Middle...')
#9 /opt/lampp/htdocs/sistema/public/index.php(58): Illuminate\Foundation\Http\Kernel->terminate(Object(Illuminate\Http\Request), Object(Illuminate\Http\Response))
#10 {main}  
[2017-11-27 23:07:02] local.ERROR: InvalidArgumentException: Please provide a valid cache path. in /opt/lampp/htdocs/sistema/vendor/laravel/framework/src/Illuminate/View/Compilers/Compiler.php:36
Stack trace:
#0 /opt/lampp/htdocs/sistema/vendor/laravel/framework/src/Illuminate/View/ViewServiceProvider.php(77): Illuminate\View\Compilers\Compiler->__construct(Object(Illuminate\Filesystem\Filesystem), false)
#1 /opt/lampp/htdocs/sistema/vendor/laravel/framework/src/Illuminate/Container/Container.php(738): Illuminate\View\ViewServiceProvider->Illuminate\View\{closure}(Object(Illuminate\Foundation\Application), Array)
#2 /opt/lampp/htdocs/sistema/vendor/laravel/framework/src/Illuminate/Container/Container.php(631): Illuminate\Container\Container->build(Object(Closure), Array)
#3 /opt/lampp/htdocs/sistema/vendor/laravel/framework/src/Illuminate/Foundation/Application.php(674): Illuminate\Container\Container->make('blade.compiler', Array)
#4 /opt/lampp/htdocs/sistema/vendor/laravel/framework/src/Illuminate/Container/Container.php(1167): Illuminate\Foundation\Application->make('blade.compiler')
#5 /opt/lampp/htdocs/sistema/vendor/laravel/framework/src/Illuminate/View/ViewServiceProvider.php(81): Illuminate\Container\Container->offsetGet('blade.compiler')
#6 [internal function]: Illuminate\View\ViewServiceProvider->Illuminate\View\{closure}()
#7 /opt/lampp/htdocs/sistema/vendor/laravel/framework/src/Illuminate/View/Engines/EngineResolver.php(54): call_user_func(Object(Closure))
#8 /opt/lampp/htdocs/sistema/vendor/bican/roles/src/Bican/Roles/RolesServiceProvider.php(44): Illuminate\View\Engines\EngineResolver->resolve('blade')
#9 /opt/lampp/htdocs/sistema/vendor/bican/roles/src/Bican/Roles/RolesServiceProvider.php(24): Bican\Roles\RolesServiceProvider->registerBladeExtensions()
#10 [internal function]: Bican\Roles\RolesServiceProvider->boot()
#11 /opt/lampp/htdocs/sistema/vendor/laravel/framework/src/Illuminate/Container/Container.php(507): call_user_func_array(Array, Array)
#12 /opt/lampp/htdocs/sistema/vendor/laravel/framework/src/Illuminate/Foundation/Application.php(734): Illuminate\Container\Container->call(Array)
#13 /opt/lampp/htdocs/sistema/vendor/laravel/framework/src/Illuminate/Foundation/Application.php(717): Illuminate\Foundation\Application->bootProvider(Object(Bican\Roles\RolesServiceProvider))
#14 [internal function]: Illuminate\Foundation\Application->Illuminate\Foundation\{closure}(Object(Bican\Roles\RolesServiceProvider), 18)
#15 /opt/lampp/htdocs/sistema/vendor/laravel/framework/src/Illuminate/Foundation/Application.php(718): array_walk(Array, Object(Closure))
#16 /opt/lampp/htdocs/sistema/vendor/laravel/framework/src/Illuminate/Foundation/Bootstrap/BootProviders.php(17): Illuminate\Foundation\Application->boot()
#17 /opt/lampp/htdocs/sistema/vendor/laravel/framework/src/Illuminate/Foundation/Application.php(203): Illuminate\Foundation\Bootstrap\BootProviders->bootstrap(Object(Illuminate\Foundation\Application))
#18 /opt/lampp/htdocs/sistema/vendor/laravel/framework/src/Illuminate/Foundation/Http/Kernel.php(222): Illuminate\Foundation\Application->bootstrapWith(Array)
#19 /opt/lampp/htdocs/sistema/vendor/laravel/framework/src/Illuminate/Foundation/Http/Kernel.php(117): Illuminate\Foundation\Http\Kernel->bootstrap()
#20 /opt/lampp/htdocs/sistema/vendor/laravel/framework/src/Illuminate/Foundation/Http/Kernel.php(87): Illuminate\Foundation\Http\Kernel->sendRequestThroughRouter(Object(Illuminate\Http\Request))
#21 /opt/lampp/htdocs/sistema/public/index.php(53): Illuminate\Foundation\Http\Kernel->handle(Object(Illuminate\Http\Request))
#22 {main}  
[2017-11-27 23:07:02] local.ERROR: RuntimeException: No supported encrypter found. The cipher and / or key length are invalid. in /opt/lampp/htdocs/sistema/vendor/laravel/framework/src/Illuminate/Encryption/EncryptionServiceProvider.php:29
Stack trace:
#0 /opt/lampp/htdocs/sistema/vendor/laravel/framework/src/Illuminate/Container/Container.php(738): Illuminate\Encryption\EncryptionServiceProvider->Illuminate\Encryption\{closure}(Object(Illuminate\Foundation\Application), Array)
#1 /opt/lampp/htdocs/sistema/vendor/laravel/framework/src/Illuminate/Container/Container.php(631): Illuminate\Container\Container->build(Object(Closure), Array)
#2 /opt/lampp/htdocs/sistema/vendor/laravel/framework/src/Illuminate/Foundation/Application.php(674): Illuminate\Container\Container->make('encrypter', Array)
#3 /opt/lampp/htdocs/sistema/vendor/laravel/framework/src/Illuminate/Container/Container.php(842): Illuminate\Foundation\Application->make('encrypter')
#4 /opt/lampp/htdocs/sistema/vendor/laravel/framework/src/Illuminate/Container/Container.php(805): Illuminate\Container\Container->resolveClass(Object(ReflectionParameter))
#5 /opt/lampp/htdocs/sistema/vendor/laravel/framework/src/Illuminate/Container/Container.php(775): Illuminate\Container\Container->getDependencies(Array, Array)
#6 /opt/lampp/htdocs/sistema/vendor/laravel/framework/src/Illuminate/Container/Container.php(631): Illuminate\Container\Container->build('App\\Http\\Middle...', Array)
#7 /opt/lampp/htdocs/sistema/vendor/laravel/framework/src/Illuminate/Foundation/Application.php(674): Illuminate\Container\Container->make('App\\Http\\Middle...', Array)
#8 /opt/lampp/htdocs/sistema/vendor/laravel/framework/src/Illuminate/Foundation/Http/Kernel.php(142): Illuminate\Foundation\Application->make('App\\Http\\Middle...')
#9 /opt/lampp/htdocs/sistema/public/index.php(58): Illuminate\Foundation\Http\Kernel->terminate(Object(Illuminate\Http\Request), Object(Illuminate\Http\Response))
#10 {main}  
[2017-11-27 23:07:07] local.ERROR: InvalidArgumentException: Please provide a valid cache path. in /opt/lampp/htdocs/sistema/vendor/laravel/framework/src/Illuminate/View/Compilers/Compiler.php:36
Stack trace:
#0 /opt/lampp/htdocs/sistema/vendor/laravel/framework/src/Illuminate/View/ViewServiceProvider.php(77): Illuminate\View\Compilers\Compiler->__construct(Object(Illuminate\Filesystem\Filesystem), false)
#1 /opt/lampp/htdocs/sistema/vendor/laravel/framework/src/Illuminate/Container/Container.php(738): Illuminate\View\ViewServiceProvider->Illuminate\View\{closure}(Object(Illuminate\Foundation\Application), Array)
#2 /opt/lampp/htdocs/sistema/vendor/laravel/framework/src/Illuminate/Container/Container.php(631): Illuminate\Container\Container->build(Object(Closure), Array)
#3 /opt/lampp/htdocs/sistema/vendor/laravel/framework/src/Illuminate/Foundation/Application.php(674): Illuminate\Container\Container->make('blade.compiler', Array)
#4 /opt/lampp/htdocs/sistema/vendor/laravel/framework/src/Illuminate/Container/Container.php(1167): Illuminate\Foundation\Application->make('blade.compiler')
#5 /opt/lampp/htdocs/sistema/vendor/laravel/framework/src/Illuminate/View/ViewServiceProvider.php(81): Illuminate\Container\Container->offsetGet('blade.compiler')
#6 [internal function]: Illuminate\View\ViewServiceProvider->Illuminate\View\{closure}()
#7 /opt/lampp/htdocs/sistema/vendor/laravel/framework/src/Illuminate/View/Engines/EngineResolver.php(54): call_user_func(Object(Closure))
#8 /opt/lampp/htdocs/sistema/vendor/bican/roles/src/Bican/Roles/RolesServiceProvider.php(44): Illuminate\View\Engines\EngineResolver->resolve('blade')
#9 /opt/lampp/htdocs/sistema/vendor/bican/roles/src/Bican/Roles/RolesServiceProvider.php(24): Bican\Roles\RolesServiceProvider->registerBladeExtensions()
#10 [internal function]: Bican\Roles\RolesServiceProvider->boot()
#11 /opt/lampp/htdocs/sistema/vendor/laravel/framework/src/Illuminate/Container/Container.php(507): call_user_func_array(Array, Array)
#12 /opt/lampp/htdocs/sistema/vendor/laravel/framework/src/Illuminate/Foundation/Application.php(734): Illuminate\Container\Container->call(Array)
#13 /opt/lampp/htdocs/sistema/vendor/laravel/framework/src/Illuminate/Foundation/Application.php(717): Illuminate\Foundation\Application->bootProvider(Object(Bican\Roles\RolesServiceProvider))
#14 [internal function]: Illuminate\Foundation\Application->Illuminate\Foundation\{closure}(Object(Bican\Roles\RolesServiceProvider), 18)
#15 /opt/lampp/htdocs/sistema/vendor/laravel/framework/src/Illuminate/Foundation/Application.php(718): array_walk(Array, Object(Closure))
#16 /opt/lampp/htdocs/sistema/vendor/laravel/framework/src/Illuminate/Foundation/Bootstrap/BootProviders.php(17): Illuminate\Foundation\Application->boot()
#17 /opt/lampp/htdocs/sistema/vendor/laravel/framework/src/Illuminate/Foundation/Application.php(203): Illuminate\Foundation\Bootstrap\BootProviders->bootstrap(Object(Illuminate\Foundation\Application))
#18 /opt/lampp/htdocs/sistema/vendor/laravel/framework/src/Illuminate/Foundation/Http/Kernel.php(222): Illuminate\Foundation\Application->bootstrapWith(Array)
#19 /opt/lampp/htdocs/sistema/vendor/laravel/framework/src/Illuminate/Foundation/Http/Kernel.php(117): Illuminate\Foundation\Http\Kernel->bootstrap()
#20 /opt/lampp/htdocs/sistema/vendor/laravel/framework/src/Illuminate/Foundation/Http/Kernel.php(87): Illuminate\Foundation\Http\Kernel->sendRequestThroughRouter(Object(Illuminate\Http\Request))
#21 /opt/lampp/htdocs/sistema/public/index.php(53): Illuminate\Foundation\Http\Kernel->handle(Object(Illuminate\Http\Request))
#22 {main}  
[2017-11-27 23:07:07] local.ERROR: RuntimeException: No supported encrypter found. The cipher and / or key length are invalid. in /opt/lampp/htdocs/sistema/vendor/laravel/framework/src/Illuminate/Encryption/EncryptionServiceProvider.php:29
Stack trace:
#0 /opt/lampp/htdocs/sistema/vendor/laravel/framework/src/Illuminate/Container/Container.php(738): Illuminate\Encryption\EncryptionServiceProvider->Illuminate\Encryption\{closure}(Object(Illuminate\Foundation\Application), Array)
#1 /opt/lampp/htdocs/sistema/vendor/laravel/framework/src/Illuminate/Container/Container.php(631): Illuminate\Container\Container->build(Object(Closure), Array)
#2 /opt/lampp/htdocs/sistema/vendor/laravel/framework/src/Illuminate/Foundation/Application.php(674): Illuminate\Container\Container->make('encrypter', Array)
#3 /opt/lampp/htdocs/sistema/vendor/laravel/framework/src/Illuminate/Container/Container.php(842): Illuminate\Foundation\Application->make('encrypter')
#4 /opt/lampp/htdocs/sistema/vendor/laravel/framework/src/Illuminate/Container/Container.php(805): Illuminate\Container\Container->resolveClass(Object(ReflectionParameter))
#5 /opt/lampp/htdocs/sistema/vendor/laravel/framework/src/Illuminate/Container/Container.php(775): Illuminate\Container\Container->getDependencies(Array, Array)
#6 /opt/lampp/htdocs/sistema/vendor/laravel/framework/src/Illuminate/Container/Container.php(631): Illuminate\Container\Container->build('App\\Http\\Middle...', Array)
#7 /opt/lampp/htdocs/sistema/vendor/laravel/framework/src/Illuminate/Foundation/Application.php(674): Illuminate\Container\Container->make('App\\Http\\Middle...', Array)
#8 /opt/lampp/htdocs/sistema/vendor/laravel/framework/src/Illuminate/Foundation/Http/Kernel.php(142): Illuminate\Foundation\Application->make('App\\Http\\Middle...')
#9 /opt/lampp/htdocs/sistema/public/index.php(58): Illuminate\Foundation\Http\Kernel->terminate(Object(Illuminate\Http\Request), Object(Illuminate\Http\Response))
#10 {main}  
[2017-11-27 23:27:50] local.ERROR: InvalidArgumentException: Please provide a valid cache path. in /opt/lampp/htdocs/sistema/vendor/laravel/framework/src/Illuminate/View/Compilers/Compiler.php:36
Stack trace:
#0 /opt/lampp/htdocs/sistema/vendor/laravel/framework/src/Illuminate/View/ViewServiceProvider.php(77): Illuminate\View\Compilers\Compiler->__construct(Object(Illuminate\Filesystem\Filesystem), false)
#1 /opt/lampp/htdocs/sistema/vendor/laravel/framework/src/Illuminate/Container/Container.php(738): Illuminate\View\ViewServiceProvider->Illuminate\View\{closure}(Object(Illuminate\Foundation\Application), Array)
#2 /opt/lampp/htdocs/sistema/vendor/laravel/framework/src/Illuminate/Container/Container.php(631): Illuminate\Container\Container->build(Object(Closure), Array)
#3 /opt/lampp/htdocs/sistema/vendor/laravel/framework/src/Illuminate/Foundation/Application.php(674): Illuminate\Container\Container->make('blade.compiler', Array)
#4 /opt/lampp/htdocs/sistema/vendor/laravel/framework/src/Illuminate/Container/Container.php(1167): Illuminate\Foundation\Application->make('blade.compiler')
#5 /opt/lampp/htdocs/sistema/vendor/laravel/framework/src/Illuminate/View/ViewServiceProvider.php(81): Illuminate\Container\Container->offsetGet('blade.compiler')
#6 [internal function]: Illuminate\View\ViewServiceProvider->Illuminate\View\{closure}()
#7 /opt/lampp/htdocs/sistema/vendor/laravel/framework/src/Illuminate/View/Engines/EngineResolver.php(54): call_user_func(Object(Closure))
#8 /opt/lampp/htdocs/sistema/vendor/bican/roles/src/Bican/Roles/RolesServiceProvider.php(44): Illuminate\View\Engines\EngineResolver->resolve('blade')
#9 /opt/lampp/htdocs/sistema/vendor/bican/roles/src/Bican/Roles/RolesServiceProvider.php(24): Bican\Roles\RolesServiceProvider->registerBladeExtensions()
#10 [internal function]: Bican\Roles\RolesServiceProvider->boot()
#11 /opt/lampp/htdocs/sistema/vendor/laravel/framework/src/Illuminate/Container/Container.php(507): call_user_func_array(Array, Array)
#12 /opt/lampp/htdocs/sistema/vendor/laravel/framework/src/Illuminate/Foundation/Application.php(734): Illuminate\Container\Container->call(Array)
#13 /opt/lampp/htdocs/sistema/vendor/laravel/framework/src/Illuminate/Foundation/Application.php(717): Illuminate\Foundation\Application->bootProvider(Object(Bican\Roles\RolesServiceProvider))
#14 [internal function]: Illuminate\Foundation\Application->Illuminate\Foundation\{closure}(Object(Bican\Roles\RolesServiceProvider), 18)
#15 /opt/lampp/htdocs/sistema/vendor/laravel/framework/src/Illuminate/Foundation/Application.php(718): array_walk(Array, Object(Closure))
#16 /opt/lampp/htdocs/sistema/vendor/laravel/framework/src/Illuminate/Foundation/Bootstrap/BootProviders.php(17): Illuminate\Foundation\Application->boot()
#17 /opt/lampp/htdocs/sistema/vendor/laravel/framework/src/Illuminate/Foundation/Application.php(203): Illuminate\Foundation\Bootstrap\BootProviders->bootstrap(Object(Illuminate\Foundation\Application))
#18 /opt/lampp/htdocs/sistema/vendor/laravel/framework/src/Illuminate/Foundation/Http/Kernel.php(222): Illuminate\Foundation\Application->bootstrapWith(Array)
#19 /opt/lampp/htdocs/sistema/vendor/laravel/framework/src/Illuminate/Foundation/Http/Kernel.php(117): Illuminate\Foundation\Http\Kernel->bootstrap()
#20 /opt/lampp/htdocs/sistema/vendor/laravel/framework/src/Illuminate/Foundation/Http/Kernel.php(87): Illuminate\Foundation\Http\Kernel->sendRequestThroughRouter(Object(Illuminate\Http\Request))
#21 /opt/lampp/htdocs/sistema/public/index.php(53): Illuminate\Foundation\Http\Kernel->handle(Object(Illuminate\Http\Request))
#22 {main}  
[2017-11-27 23:27:50] local.ERROR: RuntimeException: No supported encrypter found. The cipher and / or key length are invalid. in /opt/lampp/htdocs/sistema/vendor/laravel/framework/src/Illuminate/Encryption/EncryptionServiceProvider.php:29
Stack trace:
#0 /opt/lampp/htdocs/sistema/vendor/laravel/framework/src/Illuminate/Container/Container.php(738): Illuminate\Encryption\EncryptionServiceProvider->Illuminate\Encryption\{closure}(Object(Illuminate\Foundation\Application), Array)
#1 /opt/lampp/htdocs/sistema/vendor/laravel/framework/src/Illuminate/Container/Container.php(631): Illuminate\Container\Container->build(Object(Closure), Array)
#2 /opt/lampp/htdocs/sistema/vendor/laravel/framework/src/Illuminate/Foundation/Application.php(674): Illuminate\Container\Container->make('encrypter', Array)
#3 /opt/lampp/htdocs/sistema/vendor/laravel/framework/src/Illuminate/Container/Container.php(842): Illuminate\Foundation\Application->make('encrypter')
#4 /opt/lampp/htdocs/sistema/vendor/laravel/framework/src/Illuminate/Container/Container.php(805): Illuminate\Container\Container->resolveClass(Object(ReflectionParameter))
#5 /opt/lampp/htdocs/sistema/vendor/laravel/framework/src/Illuminate/Container/Container.php(775): Illuminate\Container\Container->getDependencies(Array, Array)
#6 /opt/lampp/htdocs/sistema/vendor/laravel/framework/src/Illuminate/Container/Container.php(631): Illuminate\Container\Container->build('App\\Http\\Middle...', Array)
#7 /opt/lampp/htdocs/sistema/vendor/laravel/framework/src/Illuminate/Foundation/Application.php(674): Illuminate\Container\Container->make('App\\Http\\Middle...', Array)
#8 /opt/lampp/htdocs/sistema/vendor/laravel/framework/src/Illuminate/Foundation/Http/Kernel.php(142): Illuminate\Foundation\Application->make('App\\Http\\Middle...')
#9 /opt/lampp/htdocs/sistema/public/index.php(58): Illuminate\Foundation\Http\Kernel->terminate(Object(Illuminate\Http\Request), Object(Illuminate\Http\Response))
#10 {main}  
[2017-11-27 23:28:07] local.ERROR: InvalidArgumentException: Please provide a valid cache path. in /opt/lampp/htdocs/sistema/vendor/laravel/framework/src/Illuminate/View/Compilers/Compiler.php:36
Stack trace:
#0 /opt/lampp/htdocs/sistema/vendor/laravel/framework/src/Illuminate/View/ViewServiceProvider.php(77): Illuminate\View\Compilers\Compiler->__construct(Object(Illuminate\Filesystem\Filesystem), false)
#1 /opt/lampp/htdocs/sistema/vendor/laravel/framework/src/Illuminate/Container/Container.php(738): Illuminate\View\ViewServiceProvider->Illuminate\View\{closure}(Object(Illuminate\Foundation\Application), Array)
#2 /opt/lampp/htdocs/sistema/vendor/laravel/framework/src/Illuminate/Container/Container.php(631): Illuminate\Container\Container->build(Object(Closure), Array)
#3 /opt/lampp/htdocs/sistema/vendor/laravel/framework/src/Illuminate/Foundation/Application.php(674): Illuminate\Container\Container->make('blade.compiler', Array)
#4 /opt/lampp/htdocs/sistema/vendor/laravel/framework/src/Illuminate/Container/Container.php(1167): Illuminate\Foundation\Application->make('blade.compiler')
#5 /opt/lampp/htdocs/sistema/vendor/laravel/framework/src/Illuminate/View/ViewServiceProvider.php(81): Illuminate\Container\Container->offsetGet('blade.compiler')
#6 [internal function]: Illuminate\View\ViewServiceProvider->Illuminate\View\{closure}()
#7 /opt/lampp/htdocs/sistema/vendor/laravel/framework/src/Illuminate/View/Engines/EngineResolver.php(54): call_user_func(Object(Closure))
#8 /opt/lampp/htdocs/sistema/vendor/bican/roles/src/Bican/Roles/RolesServiceProvider.php(44): Illuminate\View\Engines\EngineResolver->resolve('blade')
#9 /opt/lampp/htdocs/sistema/vendor/bican/roles/src/Bican/Roles/RolesServiceProvider.php(24): Bican\Roles\RolesServiceProvider->registerBladeExtensions()
#10 [internal function]: Bican\Roles\RolesServiceProvider->boot()
#11 /opt/lampp/htdocs/sistema/vendor/laravel/framework/src/Illuminate/Container/Container.php(507): call_user_func_array(Array, Array)
#12 /opt/lampp/htdocs/sistema/vendor/laravel/framework/src/Illuminate/Foundation/Application.php(734): Illuminate\Container\Container->call(Array)
#13 /opt/lampp/htdocs/sistema/vendor/laravel/framework/src/Illuminate/Foundation/Application.php(717): Illuminate\Foundation\Application->bootProvider(Object(Bican\Roles\RolesServiceProvider))
#14 [internal function]: Illuminate\Foundation\Application->Illuminate\Foundation\{closure}(Object(Bican\Roles\RolesServiceProvider), 18)
#15 /opt/lampp/htdocs/sistema/vendor/laravel/framework/src/Illuminate/Foundation/Application.php(718): array_walk(Array, Object(Closure))
#16 /opt/lampp/htdocs/sistema/vendor/laravel/framework/src/Illuminate/Foundation/Bootstrap/BootProviders.php(17): Illuminate\Foundation\Application->boot()
#17 /opt/lampp/htdocs/sistema/vendor/laravel/framework/src/Illuminate/Foundation/Application.php(203): Illuminate\Foundation\Bootstrap\BootProviders->bootstrap(Object(Illuminate\Foundation\Application))
#18 /opt/lampp/htdocs/sistema/vendor/laravel/framework/src/Illuminate/Foundation/Http/Kernel.php(222): Illuminate\Foundation\Application->bootstrapWith(Array)
#19 /opt/lampp/htdocs/sistema/vendor/laravel/framework/src/Illuminate/Foundation/Http/Kernel.php(117): Illuminate\Foundation\Http\Kernel->bootstrap()
#20 /opt/lampp/htdocs/sistema/vendor/laravel/framework/src/Illuminate/Foundation/Http/Kernel.php(87): Illuminate\Foundation\Http\Kernel->sendRequestThroughRouter(Object(Illuminate\Http\Request))
#21 /opt/lampp/htdocs/sistema/public/index.php(53): Illuminate\Foundation\Http\Kernel->handle(Object(Illuminate\Http\Request))
#22 {main}  
[2017-11-27 23:28:07] local.ERROR: RuntimeException: No supported encrypter found. The cipher and / or key length are invalid. in /opt/lampp/htdocs/sistema/vendor/laravel/framework/src/Illuminate/Encryption/EncryptionServiceProvider.php:29
Stack trace:
#0 /opt/lampp/htdocs/sistema/vendor/laravel/framework/src/Illuminate/Container/Container.php(738): Illuminate\Encryption\EncryptionServiceProvider->Illuminate\Encryption\{closure}(Object(Illuminate\Foundation\Application), Array)
#1 /opt/lampp/htdocs/sistema/vendor/laravel/framework/src/Illuminate/Container/Container.php(631): Illuminate\Container\Container->build(Object(Closure), Array)
#2 /opt/lampp/htdocs/sistema/vendor/laravel/framework/src/Illuminate/Foundation/Application.php(674): Illuminate\Container\Container->make('encrypter', Array)
#3 /opt/lampp/htdocs/sistema/vendor/laravel/framework/src/Illuminate/Container/Container.php(842): Illuminate\Foundation\Application->make('encrypter')
#4 /opt/lampp/htdocs/sistema/vendor/laravel/framework/src/Illuminate/Container/Container.php(805): Illuminate\Container\Container->resolveClass(Object(ReflectionParameter))
#5 /opt/lampp/htdocs/sistema/vendor/laravel/framework/src/Illuminate/Container/Container.php(775): Illuminate\Container\Container->getDependencies(Array, Array)
#6 /opt/lampp/htdocs/sistema/vendor/laravel/framework/src/Illuminate/Container/Container.php(631): Illuminate\Container\Container->build('App\\Http\\Middle...', Array)
#7 /opt/lampp/htdocs/sistema/vendor/laravel/framework/src/Illuminate/Foundation/Application.php(674): Illuminate\Container\Container->make('App\\Http\\Middle...', Array)
#8 /opt/lampp/htdocs/sistema/vendor/laravel/framework/src/Illuminate/Foundation/Http/Kernel.php(142): Illuminate\Foundation\Application->make('App\\Http\\Middle...')
#9 /opt/lampp/htdocs/sistema/public/index.php(58): Illuminate\Foundation\Http\Kernel->terminate(Object(Illuminate\Http\Request), Object(Illuminate\Http\Response))
#10 {main}  
[2017-11-28 15:54:07] local.ERROR: InvalidArgumentException: Please provide a valid cache path. in /opt/lampp/htdocs/sistema/vendor/laravel/framework/src/Illuminate/View/Compilers/Compiler.php:36
Stack trace:
#0 /opt/lampp/htdocs/sistema/vendor/laravel/framework/src/Illuminate/View/ViewServiceProvider.php(77): Illuminate\View\Compilers\Compiler->__construct(Object(Illuminate\Filesystem\Filesystem), false)
#1 /opt/lampp/htdocs/sistema/vendor/laravel/framework/src/Illuminate/Container/Container.php(738): Illuminate\View\ViewServiceProvider->Illuminate\View\{closure}(Object(Illuminate\Foundation\Application), Array)
#2 /opt/lampp/htdocs/sistema/vendor/laravel/framework/src/Illuminate/Container/Container.php(631): Illuminate\Container\Container->build(Object(Closure), Array)
#3 /opt/lampp/htdocs/sistema/vendor/laravel/framework/src/Illuminate/Foundation/Application.php(674): Illuminate\Container\Container->make('blade.compiler', Array)
#4 /opt/lampp/htdocs/sistema/vendor/laravel/framework/src/Illuminate/Container/Container.php(1167): Illuminate\Foundation\Application->make('blade.compiler')
#5 /opt/lampp/htdocs/sistema/vendor/laravel/framework/src/Illuminate/View/ViewServiceProvider.php(81): Illuminate\Container\Container->offsetGet('blade.compiler')
#6 [internal function]: Illuminate\View\ViewServiceProvider->Illuminate\View\{closure}()
#7 /opt/lampp/htdocs/sistema/vendor/laravel/framework/src/Illuminate/View/Engines/EngineResolver.php(54): call_user_func(Object(Closure))
#8 /opt/lampp/htdocs/sistema/vendor/bican/roles/src/Bican/Roles/RolesServiceProvider.php(44): Illuminate\View\Engines\EngineResolver->resolve('blade')
#9 /opt/lampp/htdocs/sistema/vendor/bican/roles/src/Bican/Roles/RolesServiceProvider.php(24): Bican\Roles\RolesServiceProvider->registerBladeExtensions()
#10 [internal function]: Bican\Roles\RolesServiceProvider->boot()
#11 /opt/lampp/htdocs/sistema/vendor/laravel/framework/src/Illuminate/Container/Container.php(507): call_user_func_array(Array, Array)
#12 /opt/lampp/htdocs/sistema/vendor/laravel/framework/src/Illuminate/Foundation/Application.php(734): Illuminate\Container\Container->call(Array)
#13 /opt/lampp/htdocs/sistema/vendor/laravel/framework/src/Illuminate/Foundation/Application.php(717): Illuminate\Foundation\Application->bootProvider(Object(Bican\Roles\RolesServiceProvider))
#14 [internal function]: Illuminate\Foundation\Application->Illuminate\Foundation\{closure}(Object(Bican\Roles\RolesServiceProvider), 18)
#15 /opt/lampp/htdocs/sistema/vendor/laravel/framework/src/Illuminate/Foundation/Application.php(718): array_walk(Array, Object(Closure))
#16 /opt/lampp/htdocs/sistema/vendor/laravel/framework/src/Illuminate/Foundation/Bootstrap/BootProviders.php(17): Illuminate\Foundation\Application->boot()
#17 /opt/lampp/htdocs/sistema/vendor/laravel/framework/src/Illuminate/Foundation/Application.php(203): Illuminate\Foundation\Bootstrap\BootProviders->bootstrap(Object(Illuminate\Foundation\Application))
#18 /opt/lampp/htdocs/sistema/vendor/laravel/framework/src/Illuminate/Foundation/Http/Kernel.php(222): Illuminate\Foundation\Application->bootstrapWith(Array)
#19 /opt/lampp/htdocs/sistema/vendor/laravel/framework/src/Illuminate/Foundation/Http/Kernel.php(117): Illuminate\Foundation\Http\Kernel->bootstrap()
#20 /opt/lampp/htdocs/sistema/vendor/laravel/framework/src/Illuminate/Foundation/Http/Kernel.php(87): Illuminate\Foundation\Http\Kernel->sendRequestThroughRouter(Object(Illuminate\Http\Request))
#21 /opt/lampp/htdocs/sistema/public/index.php(53): Illuminate\Foundation\Http\Kernel->handle(Object(Illuminate\Http\Request))
#22 {main}  
[2017-11-28 15:54:07] local.ERROR: RuntimeException: No supported encrypter found. The cipher and / or key length are invalid. in /opt/lampp/htdocs/sistema/vendor/laravel/framework/src/Illuminate/Encryption/EncryptionServiceProvider.php:29
Stack trace:
#0 /opt/lampp/htdocs/sistema/vendor/laravel/framework/src/Illuminate/Container/Container.php(738): Illuminate\Encryption\EncryptionServiceProvider->Illuminate\Encryption\{closure}(Object(Illuminate\Foundation\Application), Array)
#1 /opt/lampp/htdocs/sistema/vendor/laravel/framework/src/Illuminate/Container/Container.php(631): Illuminate\Container\Container->build(Object(Closure), Array)
#2 /opt/lampp/htdocs/sistema/vendor/laravel/framework/src/Illuminate/Foundation/Application.php(674): Illuminate\Container\Container->make('encrypter', Array)
#3 /opt/lampp/htdocs/sistema/vendor/laravel/framework/src/Illuminate/Container/Container.php(842): Illuminate\Foundation\Application->make('encrypter')
#4 /opt/lampp/htdocs/sistema/vendor/laravel/framework/src/Illuminate/Container/Container.php(805): Illuminate\Container\Container->resolveClass(Object(ReflectionParameter))
#5 /opt/lampp/htdocs/sistema/vendor/laravel/framework/src/Illuminate/Container/Container.php(775): Illuminate\Container\Container->getDependencies(Array, Array)
#6 /opt/lampp/htdocs/sistema/vendor/laravel/framework/src/Illuminate/Container/Container.php(631): Illuminate\Container\Container->build('App\\Http\\Middle...', Array)
#7 /opt/lampp/htdocs/sistema/vendor/laravel/framework/src/Illuminate/Foundation/Application.php(674): Illuminate\Container\Container->make('App\\Http\\Middle...', Array)
#8 /opt/lampp/htdocs/sistema/vendor/laravel/framework/src/Illuminate/Foundation/Http/Kernel.php(142): Illuminate\Foundation\Application->make('App\\Http\\Middle...')
#9 /opt/lampp/htdocs/sistema/public/index.php(58): Illuminate\Foundation\Http\Kernel->terminate(Object(Illuminate\Http\Request), Object(Illuminate\Http\Response))
#10 {main}  
